<?xml version="1.0" encoding="UTF-8"?>
<testng-results skipped="0" failed="0" total="1" passed="1">
  <reporter-output>
  </reporter-output>
  <suite name="Default suite" duration-ms="1485" started-at="2020-05-19T15:46:14Z" finished-at="2020-05-19T15:46:15Z">
    <groups>
    </groups>
    <test name="Default test" duration-ms="1485" started-at="2020-05-19T15:46:14Z" finished-at="2020-05-19T15:46:15Z">
      <class name="demo.SumValidation">
        <test-method status="PASS" signature="sumOfCourses()[pri:0, instance:demo.SumValidation@135b478]" name="sumOfCourses" duration-ms="1464" started-at="2020-05-19T17:46:14Z" finished-at="2020-05-19T17:46:15Z">
          <reporter-output>
          </reporter-output>
        </test-method> <!-- sumOfCourses -->
      </class> <!-- demo.SumValidation -->
    </test> <!-- Default test -->
  </suite> <!-- Default suite -->
</testng-results>
